2023-03-02 18:34:33.867  INFO 15472 --- [restartedMain] com.example.jktx.JktxApplication         : Starting JktxApplication on DESKTOP-M7K81H2 with PID 15472 (C:\Users\86159\Desktop\sd\bs\jktx\target\classes started by 86159 in C:\Users\86159\Desktop\sd\bs)
2023-03-02 18:34:33.870  INFO 15472 --- [restartedMain] com.example.jktx.JktxApplication         : No active profile set, falling back to default profiles: default
2023-03-02 18:34:33.906  INFO 15472 --- [restartedMain] .e.DevToolsPropertyDefaultsPostProcessor : Devtools property defaults active! Set 'spring.devtools.add-properties' to 'false' to disable
2023-03-02 18:34:33.907  INFO 15472 --- [restartedMain] .e.DevToolsPropertyDefaultsPostProcessor : For additional web related logging consider setting the 'logging.level.web' property to 'DEBUG'
2023-03-02 18:34:34.379  WARN 15472 --- [restartedMain] o.m.s.mapper.ClassPathMapperScanner      : No MyBatis mapper was found in '[com.example.jktx]' package. Please check your configuration.
2023-03-02 18:34:34.694  INFO 15472 --- [restartedMain] o.s.b.w.embedded.tomcat.TomcatWebServer  : Tomcat initialized with port(s): 8088 (http)
2023-03-02 18:34:34.702  INFO 15472 --- [restartedMain] o.apache.catalina.core.StandardService   : Starting service [Tomcat]
2023-03-02 18:34:34.702  INFO 15472 --- [restartedMain] org.apache.catalina.core.StandardEngine  : Starting Servlet engine: [Apache Tomcat/9.0.27]
2023-03-02 18:34:34.704  INFO 15472 --- [restartedMain] o.a.catalina.core.AprLifecycleListener   : Loaded APR based Apache Tomcat Native library [1.2.23] using APR version [1.7.0].
2023-03-02 18:34:34.704  INFO 15472 --- [restartedMain] o.a.catalina.core.AprLifecycleListener   : APR capabilities: IPv6 [true], sendfile [true], accept filters [false], random [true].
2023-03-02 18:34:34.704  INFO 15472 --- [restartedMain] o.a.catalina.core.AprLifecycleListener   : APR/OpenSSL configuration: useAprConnector [false], useOpenSSL [true]
2023-03-02 18:34:34.707  INFO 15472 --- [restartedMain] o.a.catalina.core.AprLifecycleListener   : OpenSSL successfully initialized [OpenSSL 1.1.1c  28 May 2019]
2023-03-02 18:34:34.771  INFO 15472 --- [restartedMain] o.a.c.c.C.[Tomcat].[localhost].[/]       : Initializing Spring embedded WebApplicationContext
2023-03-02 18:34:34.772  INFO 15472 --- [restartedMain] o.s.web.context.ContextLoader            : Root WebApplicationContext: initialization completed in 865 ms
2023-03-02 18:34:34.902  INFO 15472 --- [restartedMain] o.s.s.concurrent.ThreadPoolTaskExecutor  : Initializing ExecutorService 'applicationTaskExecutor'
2023-03-02 18:34:34.998  INFO 15472 --- [restartedMain] c.a.d.s.b.a.DruidDataSourceAutoConfigure : Init DruidDataSource
2023-03-02 18:34:35.075  INFO 15472 --- [restartedMain] com.alibaba.druid.pool.DruidDataSource   : {dataSource-1} inited
2023-03-02 18:34:35.466  INFO 15472 --- [restartedMain] o.s.b.d.a.OptionalLiveReloadServer       : LiveReload server is running on port 35729
2023-03-02 18:34:35.500  INFO 15472 --- [restartedMain] o.s.b.w.embedded.tomcat.TomcatWebServer  : Tomcat started on port(s): 8088 (http) with context path ''
2023-03-02 18:34:35.503  INFO 15472 --- [restartedMain] com.example.jktx.JktxApplication         : Started JktxApplication in 1.955 seconds (JVM running for 2.604)
2023-03-02 18:36:00.798  INFO 15472 --- [SpringContextShutdownHook] com.alibaba.druid.pool.DruidDataSource   : {dataSource-1} closing ...
2023-03-02 18:36:00.799  INFO 15472 --- [SpringContextShutdownHook] com.alibaba.druid.pool.DruidDataSource   : {dataSource-1} closed
2023-03-02 18:36:00.800  INFO 15472 --- [SpringContextShutdownHook] o.s.s.concurrent.ThreadPoolTaskExecutor  : Shutting down ExecutorService 'applicationTaskExecutor'
2023-03-02 18:36:06.128  INFO 23080 --- [restartedMain] com.example.jktx.JktxApplication         : Starting JktxApplication on DESKTOP-M7K81H2 with PID 23080 (C:\Users\86159\Desktop\sd\bs\jktx\target\classes started by 86159 in C:\Users\86159\Desktop\sd\bs)
2023-03-02 18:36:06.131  INFO 23080 --- [restartedMain] com.example.jktx.JktxApplication         : No active profile set, falling back to default profiles: default
2023-03-02 18:36:06.178  INFO 23080 --- [restartedMain] .e.DevToolsPropertyDefaultsPostProcessor : Devtools property defaults active! Set 'spring.devtools.add-properties' to 'false' to disable
2023-03-02 18:36:06.178  INFO 23080 --- [restartedMain] .e.DevToolsPropertyDefaultsPostProcessor : For additional web related logging consider setting the 'logging.level.web' property to 'DEBUG'
2023-03-02 18:36:06.738  WARN 23080 --- [restartedMain] o.m.s.mapper.ClassPathMapperScanner      : No MyBatis mapper was found in '[com.example.jktx]' package. Please check your configuration.
2023-03-02 18:36:07.067  INFO 23080 --- [restartedMain] o.s.b.w.embedded.tomcat.TomcatWebServer  : Tomcat initialized with port(s): 8088 (http)
2023-03-02 18:36:07.074  INFO 23080 --- [restartedMain] o.apache.catalina.core.StandardService   : Starting service [Tomcat]
2023-03-02 18:36:07.074  INFO 23080 --- [restartedMain] org.apache.catalina.core.StandardEngine  : Starting Servlet engine: [Apache Tomcat/9.0.27]
2023-03-02 18:36:07.076  INFO 23080 --- [restartedMain] o.a.catalina.core.AprLifecycleListener   : Loaded APR based Apache Tomcat Native library [1.2.23] using APR version [1.7.0].
2023-03-02 18:36:07.076  INFO 23080 --- [restartedMain] o.a.catalina.core.AprLifecycleListener   : APR capabilities: IPv6 [true], sendfile [true], accept filters [false], random [true].
2023-03-02 18:36:07.076  INFO 23080 --- [restartedMain] o.a.catalina.core.AprLifecycleListener   : APR/OpenSSL configuration: useAprConnector [false], useOpenSSL [true]
2023-03-02 18:36:07.078  INFO 23080 --- [restartedMain] o.a.catalina.core.AprLifecycleListener   : OpenSSL successfully initialized [OpenSSL 1.1.1c  28 May 2019]
2023-03-02 18:36:07.143  INFO 23080 --- [restartedMain] o.a.c.c.C.[Tomcat].[localhost].[/]       : Initializing Spring embedded WebApplicationContext
2023-03-02 18:36:07.143  INFO 23080 --- [restartedMain] o.s.web.context.ContextLoader            : Root WebApplicationContext: initialization completed in 964 ms
2023-03-02 18:36:07.275  INFO 23080 --- [restartedMain] o.s.s.concurrent.ThreadPoolTaskExecutor  : Initializing ExecutorService 'applicationTaskExecutor'
2023-03-02 18:36:07.392  INFO 23080 --- [restartedMain] c.a.d.s.b.a.DruidDataSourceAutoConfigure : Init DruidDataSource
2023-03-02 18:36:07.462  INFO 23080 --- [restartedMain] com.alibaba.druid.pool.DruidDataSource   : {dataSource-1} inited
2023-03-02 18:36:07.836  INFO 23080 --- [restartedMain] o.s.b.d.a.OptionalLiveReloadServer       : LiveReload server is running on port 35729
2023-03-02 18:36:07.873  INFO 23080 --- [restartedMain] o.s.b.w.embedded.tomcat.TomcatWebServer  : Tomcat started on port(s): 8088 (http) with context path ''
2023-03-02 18:36:07.875  INFO 23080 --- [restartedMain] com.example.jktx.JktxApplication         : Started JktxApplication in 2.064 seconds (JVM running for 2.908)
2023-03-02 18:36:07.878  INFO 23080 --- [restartedMain] com.example.jktx.JktxApplication         : 
----------------------------------------------------------
	在线题库系统启动成功，访问路径如下:
	本地路径: 		http://localhost:8088/
	网络地址: 	http://192.168.137.1:8088/
	API文档: 		http://192.168.137.1:8088/doc.html
----------------------------------------------------------
2023-03-02 18:36:07.891  INFO 23080 --- [restartedMain] .e.DevToolsPropertyDefaultsPostProcessor : Devtools property defaults active! Set 'spring.devtools.add-properties' to 'false' to disable
2023-03-02 18:36:07.892  INFO 23080 --- [restartedMain] .e.DevToolsPropertyDefaultsPostProcessor : For additional web related logging consider setting the 'logging.level.web' property to 'DEBUG'
2023-03-02 18:36:07.896  INFO 23080 --- [restartedMain] com.example.jktx.JktxApplication         : Starting JktxApplication on DESKTOP-M7K81H2 with PID 23080 (C:\Users\86159\Desktop\sd\bs\jktx\target\classes started by 86159 in C:\Users\86159\Desktop\sd\bs)
2023-03-02 18:36:07.896  INFO 23080 --- [restartedMain] com.example.jktx.JktxApplication         : No active profile set, falling back to default profiles: default
2023-03-02 18:36:08.017  WARN 23080 --- [restartedMain] o.m.s.mapper.ClassPathMapperScanner      : No MyBatis mapper was found in '[com.example.jktx]' package. Please check your configuration.
2023-03-02 18:36:08.045  WARN 23080 --- [restartedMain] org.apache.tomcat.util.modeler.Registry  : The MBean registry cannot be disabled because it has already been initialised
2023-03-02 18:36:08.083  INFO 23080 --- [restartedMain] o.s.b.w.embedded.tomcat.TomcatWebServer  : Tomcat initialized with port(s): 8088 (http)
2023-03-02 18:36:08.084  INFO 23080 --- [restartedMain] o.apache.catalina.core.StandardService   : Starting service [Tomcat]
2023-03-02 18:36:08.084  INFO 23080 --- [restartedMain] org.apache.catalina.core.StandardEngine  : Starting Servlet engine: [Apache Tomcat/9.0.27]
2023-03-02 18:36:08.097  INFO 23080 --- [restartedMain] o.a.c.c.C.[Tomcat-1].[localhost].[/]     : Initializing Spring embedded WebApplicationContext
2023-03-02 18:36:08.098  INFO 23080 --- [restartedMain] o.s.web.context.ContextLoader            : Root WebApplicationContext: initialization completed in 200 ms
2023-03-02 18:36:08.137  INFO 23080 --- [restartedMain] o.s.s.concurrent.ThreadPoolTaskExecutor  : Initializing ExecutorService 'applicationTaskExecutor'
2023-03-02 18:36:08.159  INFO 23080 --- [restartedMain] c.a.d.s.b.a.DruidDataSourceAutoConfigure : Init DruidDataSource
2023-03-02 18:36:08.167  INFO 23080 --- [restartedMain] com.alibaba.druid.pool.DruidDataSource   : {dataSource-2} inited
2023-03-02 18:36:08.294  WARN 23080 --- [restartedMain] ConfigServletWebServerApplicationContext : Exception encountered during context initialization - cancelling refresh attempt: org.springframework.beans.factory.BeanCreationException: Error creating bean with name 'springApplicationAdminRegistrar' defined in class path resource [org/springframework/boot/autoconfigure/admin/SpringApplicationAdminJmxAutoConfiguration.class]: Invocation of init method failed; nested exception is javax.management.InstanceAlreadyExistsException: org.springframework.boot:type=Admin,name=SpringApplication
2023-03-02 18:36:08.295  INFO 23080 --- [restartedMain] com.alibaba.druid.pool.DruidDataSource   : {dataSource-2} closing ...
2023-03-02 18:36:08.296  INFO 23080 --- [restartedMain] com.alibaba.druid.pool.DruidDataSource   : {dataSource-2} closed
2023-03-02 18:36:08.296  INFO 23080 --- [restartedMain] o.s.s.concurrent.ThreadPoolTaskExecutor  : Shutting down ExecutorService 'applicationTaskExecutor'
2023-03-02 18:36:08.297  INFO 23080 --- [restartedMain] o.apache.catalina.core.StandardService   : Stopping service [Tomcat]
2023-03-02 18:36:08.305  INFO 23080 --- [restartedMain] ConditionEvaluationReportLoggingListener : 

Error starting ApplicationContext. To display the conditions report re-run your application with 'debug' enabled.
2023-03-02 18:36:08.312 ERROR 23080 --- [restartedMain] o.s.boot.SpringApplication               : Application run failed

org.springframework.beans.factory.BeanCreationException: Error creating bean with name 'springApplicationAdminRegistrar' defined in class path resource [org/springframework/boot/autoconfigure/admin/SpringApplicationAdminJmxAutoConfiguration.class]: Invocation of init method failed; nested exception is javax.management.InstanceAlreadyExistsException: org.springframework.boot:type=Admin,name=SpringApplication
	at org.springframework.beans.factory.support.AbstractAutowireCapableBeanFactory.initializeBean(AbstractAutowireCapableBeanFactory.java:1803) ~[spring-beans-5.2.1.RELEASE.jar:5.2.1.RELEASE]
	at org.springframework.beans.factory.support.AbstractAutowireCapableBeanFactory.doCreateBean(AbstractAutowireCapableBeanFactory.java:595) ~[spring-beans-5.2.1.RELEASE.jar:5.2.1.RELEASE]
	at org.springframework.beans.factory.support.AbstractAutowireCapableBeanFactory.createBean(AbstractAutowireCapableBeanFactory.java:517) ~[spring-beans-5.2.1.RELEASE.jar:5.2.1.RELEASE]
	at org.springframework.beans.factory.support.AbstractBeanFactory.lambda$doGetBean$0(AbstractBeanFactory.java:323) ~[spring-beans-5.2.1.RELEASE.jar:5.2.1.RELEASE]
	at org.springframework.beans.factory.support.DefaultSingletonBeanRegistry.getSingleton(DefaultSingletonBeanRegistry.java:222) ~[spring-beans-5.2.1.RELEASE.jar:5.2.1.RELEASE]
	at org.springframework.beans.factory.support.AbstractBeanFactory.doGetBean(AbstractBeanFactory.java:321) ~[spring-beans-5.2.1.RELEASE.jar:5.2.1.RELEASE]
	at org.springframework.beans.factory.support.AbstractBeanFactory.getBean(AbstractBeanFactory.java:202) ~[spring-beans-5.2.1.RELEASE.jar:5.2.1.RELEASE]
	at org.springframework.beans.factory.support.DefaultListableBeanFactory.preInstantiateSingletons(DefaultListableBeanFactory.java:879) ~[spring-beans-5.2.1.RELEASE.jar:5.2.1.RELEASE]
	at org.springframework.context.support.AbstractApplicationContext.finishBeanFactoryInitialization(AbstractApplicationContext.java:878) ~[spring-context-5.2.1.RELEASE.jar:5.2.1.RELEASE]
	at org.springframework.context.support.AbstractApplicationContext.refresh(AbstractApplicationContext.java:550) ~[spring-context-5.2.1.RELEASE.jar:5.2.1.RELEASE]
	at org.springframework.boot.web.servlet.context.ServletWebServerApplicationContext.refresh(ServletWebServerApplicationContext.java:141) ~[spring-boot-2.2.1.RELEASE.jar:2.2.1.RELEASE]
	at org.springframework.boot.SpringApplication.refresh(SpringApplication.java:747) [spring-boot-2.2.1.RELEASE.jar:2.2.1.RELEASE]
	at org.springframework.boot.SpringApplication.refreshContext(SpringApplication.java:397) [spring-boot-2.2.1.RELEASE.jar:2.2.1.RELEASE]
	at org.springframework.boot.SpringApplication.run(SpringApplication.java:315) [spring-boot-2.2.1.RELEASE.jar:2.2.1.RELEASE]
	at org.springframework.boot.SpringApplication.run(SpringApplication.java:1226) [spring-boot-2.2.1.RELEASE.jar:2.2.1.RELEASE]
	at org.springframework.boot.SpringApplication.run(SpringApplication.java:1215) [spring-boot-2.2.1.RELEASE.jar:2.2.1.RELEASE]
	at com.example.jktx.JktxApplication.main(JktxApplication.java:36) [classes/:na]
	at sun.reflect.NativeMethodAccessorImpl.invoke0(Native Method) ~[na:1.8.0_261]
	at sun.reflect.NativeMethodAccessorImpl.invoke(NativeMethodAccessorImpl.java:62) ~[na:1.8.0_261]
	at sun.reflect.DelegatingMethodAccessorImpl.invoke(DelegatingMethodAccessorImpl.java:43) ~[na:1.8.0_261]
	at java.lang.reflect.Method.invoke(Method.java:498) ~[na:1.8.0_261]
	at org.springframework.boot.devtools.restart.RestartLauncher.run(RestartLauncher.java:49) [spring-boot-devtools-2.2.1.RELEASE.jar:2.2.1.RELEASE]
Caused by: javax.management.InstanceAlreadyExistsException: org.springframework.boot:type=Admin,name=SpringApplication
	at com.sun.jmx.mbeanserver.Repository.addMBean(Repository.java:437) ~[na:1.8.0_261]
	at com.sun.jmx.interceptor.DefaultMBeanServerInterceptor.registerWithRepository(DefaultMBeanServerInterceptor.java:1898) ~[na:1.8.0_261]
	at com.sun.jmx.interceptor.DefaultMBeanServerInterceptor.registerDynamicMBean(DefaultMBeanServerInterceptor.java:966) ~[na:1.8.0_261]
	at com.sun.jmx.interceptor.DefaultMBeanServerInterceptor.registerObject(DefaultMBeanServerInterceptor.java:900) ~[na:1.8.0_261]
	at com.sun.jmx.interceptor.DefaultMBeanServerInterceptor.registerMBean(DefaultMBeanServerInterceptor.java:324) ~[na:1.8.0_261]
	at com.sun.jmx.mbeanserver.JmxMBeanServer.registerMBean(JmxMBeanServer.java:522) ~[na:1.8.0_261]
	at org.springframework.boot.admin.SpringApplicationAdminMXBeanRegistrar.afterPropertiesSet(SpringApplicationAdminMXBeanRegistrar.java:129) ~[spring-boot-2.2.1.RELEASE.jar:2.2.1.RELEASE]
	at org.springframework.beans.factory.support.AbstractAutowireCapableBeanFactory.invokeInitMethods(AbstractAutowireCapableBeanFactory.java:1862) ~[spring-beans-5.2.1.RELEASE.jar:5.2.1.RELEASE]
	at org.springframework.beans.factory.support.AbstractAutowireCapableBeanFactory.initializeBean(AbstractAutowireCapableBeanFactory.java:1799) ~[spring-beans-5.2.1.RELEASE.jar:5.2.1.RELEASE]
	... 21 common frames omitted

2023-03-02 18:37:15.723  INFO 23080 --- [SpringContextShutdownHook] com.alibaba.druid.pool.DruidDataSource   : {dataSource-1} closing ...
2023-03-02 18:37:15.723  INFO 23080 --- [SpringContextShutdownHook] com.alibaba.druid.pool.DruidDataSource   : {dataSource-1} closed
2023-03-02 18:37:15.724  INFO 23080 --- [SpringContextShutdownHook] o.s.s.concurrent.ThreadPoolTaskExecutor  : Shutting down ExecutorService 'applicationTaskExecutor'
2023-03-02 18:37:19.865  INFO 20196 --- [restartedMain] com.example.jktx.JktxApplication         : Starting JktxApplication on DESKTOP-M7K81H2 with PID 20196 (C:\Users\86159\Desktop\sd\bs\jktx\target\classes started by 86159 in C:\Users\86159\Desktop\sd\bs)
2023-03-02 18:37:19.869  INFO 20196 --- [restartedMain] com.example.jktx.JktxApplication         : No active profile set, falling back to default profiles: default
2023-03-02 18:37:19.923  INFO 20196 --- [restartedMain] .e.DevToolsPropertyDefaultsPostProcessor : Devtools property defaults active! Set 'spring.devtools.add-properties' to 'false' to disable
2023-03-02 18:37:19.923  INFO 20196 --- [restartedMain] .e.DevToolsPropertyDefaultsPostProcessor : For additional web related logging consider setting the 'logging.level.web' property to 'DEBUG'
2023-03-02 18:37:20.460  WARN 20196 --- [restartedMain] o.m.s.mapper.ClassPathMapperScanner      : No MyBatis mapper was found in '[com.example.jktx]' package. Please check your configuration.
2023-03-02 18:37:20.754  INFO 20196 --- [restartedMain] o.s.b.w.embedded.tomcat.TomcatWebServer  : Tomcat initialized with port(s): 8099 (http)
2023-03-02 18:37:20.760  INFO 20196 --- [restartedMain] o.apache.catalina.core.StandardService   : Starting service [Tomcat]
2023-03-02 18:37:20.760  INFO 20196 --- [restartedMain] org.apache.catalina.core.StandardEngine  : Starting Servlet engine: [Apache Tomcat/9.0.27]
2023-03-02 18:37:20.762  INFO 20196 --- [restartedMain] o.a.catalina.core.AprLifecycleListener   : Loaded APR based Apache Tomcat Native library [1.2.23] using APR version [1.7.0].
2023-03-02 18:37:20.762  INFO 20196 --- [restartedMain] o.a.catalina.core.AprLifecycleListener   : APR capabilities: IPv6 [true], sendfile [true], accept filters [false], random [true].
2023-03-02 18:37:20.762  INFO 20196 --- [restartedMain] o.a.catalina.core.AprLifecycleListener   : APR/OpenSSL configuration: useAprConnector [false], useOpenSSL [true]
2023-03-02 18:37:20.765  INFO 20196 --- [restartedMain] o.a.catalina.core.AprLifecycleListener   : OpenSSL successfully initialized [OpenSSL 1.1.1c  28 May 2019]
2023-03-02 18:37:20.825  INFO 20196 --- [restartedMain] o.a.c.c.C.[Tomcat].[localhost].[/]       : Initializing Spring embedded WebApplicationContext
2023-03-02 18:37:20.825  INFO 20196 --- [restartedMain] o.s.web.context.ContextLoader            : Root WebApplicationContext: initialization completed in 902 ms
2023-03-02 18:37:20.959  INFO 20196 --- [restartedMain] o.s.s.concurrent.ThreadPoolTaskExecutor  : Initializing ExecutorService 'applicationTaskExecutor'
2023-03-02 18:37:21.063  INFO 20196 --- [restartedMain] c.a.d.s.b.a.DruidDataSourceAutoConfigure : Init DruidDataSource
2023-03-02 18:37:21.140  INFO 20196 --- [restartedMain] com.alibaba.druid.pool.DruidDataSource   : {dataSource-1} inited
2023-03-02 18:37:21.493  INFO 20196 --- [restartedMain] o.s.b.d.a.OptionalLiveReloadServer       : LiveReload server is running on port 35729
2023-03-02 18:37:21.527  INFO 20196 --- [restartedMain] o.s.b.w.embedded.tomcat.TomcatWebServer  : Tomcat started on port(s): 8099 (http) with context path ''
2023-03-02 18:37:21.530  INFO 20196 --- [restartedMain] com.example.jktx.JktxApplication         : Started JktxApplication in 2.018 seconds (JVM running for 2.706)
2023-03-02 18:37:21.533  INFO 20196 --- [restartedMain] com.example.jktx.JktxApplication         : 
----------------------------------------------------------
	在线题库系统启动成功，访问路径如下:
	本地路径: 		http://localhost:8099/
	网络地址: 	http://192.168.137.1:8099/
	API文档: 		http://192.168.137.1:8099/doc.html
----------------------------------------------------------
2023-03-02 18:37:38.010  INFO 20196 --- [SpringContextShutdownHook] com.alibaba.druid.pool.DruidDataSource   : {dataSource-1} closing ...
2023-03-02 18:37:38.012  INFO 20196 --- [SpringContextShutdownHook] com.alibaba.druid.pool.DruidDataSource   : {dataSource-1} closed
2023-03-02 18:37:38.012  INFO 20196 --- [SpringContextShutdownHook] o.s.s.concurrent.ThreadPoolTaskExecutor  : Shutting down ExecutorService 'applicationTaskExecutor'
